# Created at 2019-02-07T19:23:56.409
com.google.inject.internal.util.$ComputationException: java.lang.ArrayIndexOutOfBoundsException: 8810
	at com.google.inject.internal.util.$MapMaker$StrategyImpl.compute(MapMaker.java:553)
	at com.google.inject.internal.util.$MapMaker$StrategyImpl.compute(MapMaker.java:419)
	at com.google.inject.internal.util.$CustomConcurrentHashMap$ComputingImpl.get(CustomConcurrentHashMap.java:2041)
	at com.google.inject.internal.util.$StackTraceElements.forMember(StackTraceElements.java:53)
	at com.google.inject.internal.Errors.formatSource(Errors.java:690)
	at com.google.inject.internal.Errors.formatInjectionPoint(Errors.java:720)
	at com.google.inject.internal.Errors.formatSource(Errors.java:684)
	at com.google.inject.internal.Errors.format(Errors.java:555)
	at com.google.inject.ProvisionException.getMessage(ProvisionException.java:59)
	at org.testng.internal.Invoker.handleConfigurationFailure(Invoker.java:269)
	at org.testng.internal.Invoker.invokeConfigurations(Invoker.java:227)
	at org.testng.internal.Invoker.invokeConfigurations(Invoker.java:142)
	at org.testng.internal.TestMethodWorker.invokeBeforeClassMethods(TestMethodWorker.java:168)
	at org.testng.internal.TestMethodWorker.run(TestMethodWorker.java:105)
	at org.testng.TestRunner.privateRun(TestRunner.java:648)
	at org.testng.TestRunner.run(TestRunner.java:505)
	at org.testng.SuiteRunner.runTest(SuiteRunner.java:455)
	at org.testng.SuiteRunner.runSequentially(SuiteRunner.java:450)
	at org.testng.SuiteRunner.privateRun(SuiteRunner.java:415)
	at org.testng.SuiteRunner.run(SuiteRunner.java:364)
	at org.testng.SuiteRunnerWorker.runSuite(SuiteRunnerWorker.java:52)
	at org.testng.SuiteRunnerWorker.run(SuiteRunnerWorker.java:84)
	at org.testng.TestNG.runSuitesSequentially(TestNG.java:1208)
	at org.testng.TestNG.runSuitesLocally(TestNG.java:1137)
	at org.testng.TestNG.runSuites(TestNG.java:1049)
	at org.testng.TestNG.run(TestNG.java:1017)
	at org.apache.maven.surefire.testng.TestNGExecutor.run(TestNGExecutor.java:135)
	at org.apache.maven.surefire.testng.TestNGDirectoryTestSuite.executeSingleClass(TestNGDirectoryTestSuite.java:112)
	at org.apache.maven.surefire.testng.TestNGDirectoryTestSuite.execute(TestNGDirectoryTestSuite.java:99)
	at org.apache.maven.surefire.testng.TestNGProvider.invoke(TestNGProvider.java:146)
	at org.apache.maven.surefire.booter.ForkedBooter.invokeProviderInSameClassLoader(ForkedBooter.java:384)
	at org.apache.maven.surefire.booter.ForkedBooter.runSuitesInProcess(ForkedBooter.java:345)
	at org.apache.maven.surefire.booter.ForkedBooter.execute(ForkedBooter.java:126)
	at org.apache.maven.surefire.booter.ForkedBooter.main(ForkedBooter.java:418)
Caused by: java.lang.ArrayIndexOutOfBoundsException: 8810
	at com.google.inject.internal.asm.$ClassReader.readClass(Unknown Source)
	at com.google.inject.internal.asm.$ClassReader.accept(Unknown Source)
	at com.google.inject.internal.asm.$ClassReader.accept(Unknown Source)
	at com.google.inject.internal.util.$LineNumbers.<init>(LineNumbers.java:62)
	at com.google.inject.internal.util.$StackTraceElements$1.apply(StackTraceElements.java:36)
	at com.google.inject.internal.util.$StackTraceElements$1.apply(StackTraceElements.java:33)
	at com.google.inject.internal.util.$MapMaker$StrategyImpl.compute(MapMaker.java:549)
	... 33 more


