<?xml version="1.0" encoding="UTF-8"?>
<testng-results skipped="0" failed="0" ignored="0" total="10" passed="10">
  <reporter-output>
  </reporter-output>
  <suite name="Surefire suite" duration-ms="249" started-at="2019-02-08T01:04:40Z" finished-at="2019-02-08T01:04:40Z">
    <groups>
    </groups>
    <test name="Surefire test" duration-ms="249" started-at="2019-02-08T01:04:40Z" finished-at="2019-02-08T01:04:40Z">
      <class name="LlamadasTest">
        <test-method status="PASS" signature="setUp()[pri:0, instance:LlamadasTest@506e6d5e]" name="setUp" is-config="true" duration-ms="178" started-at="2019-02-08T01:04:40Z" finished-at="2019-02-08T01:04:40Z">
          <reporter-output>
          </reporter-output>
        </test-method> <!-- setUp -->
        <test-method status="PASS" signature="debeComprobarQueElDistpacherPuedeManejarDiezLlamadas()[pri:0, instance:LlamadasTest@506e6d5e]" name="debeComprobarQueElDistpacherPuedeManejarDiezLlamadas" duration-ms="51" started-at="2019-02-08T01:04:40Z" finished-at="2019-02-08T01:04:40Z">
          <reporter-output>
          </reporter-output>
        </test-method> <!-- debeComprobarQueElDistpacherPuedeManejarDiezLlamadas -->
        <test-method status="PASS" signature="debeComprobarQueElDistpacherPuedeManejarDiezLlamadas()[pri:0, instance:LlamadasTest@506e6d5e]" name="debeComprobarQueElDistpacherPuedeManejarDiezLlamadas" duration-ms="51" started-at="2019-02-08T01:04:40Z" finished-at="2019-02-08T01:04:40Z">
          <reporter-output>
          </reporter-output>
        </test-method> <!-- debeComprobarQueElDistpacherPuedeManejarDiezLlamadas -->
        <test-method status="PASS" signature="debeComprobarQueElDistpacherPuedeManejarDiezLlamadas()[pri:0, instance:LlamadasTest@506e6d5e]" name="debeComprobarQueElDistpacherPuedeManejarDiezLlamadas" duration-ms="51" started-at="2019-02-08T01:04:40Z" finished-at="2019-02-08T01:04:40Z">
          <reporter-output>
          </reporter-output>
        </test-method> <!-- debeComprobarQueElDistpacherPuedeManejarDiezLlamadas -->
        <test-method status="PASS" signature="debeComprobarQueElDistpacherPuedeManejarDiezLlamadas()[pri:0, instance:LlamadasTest@506e6d5e]" name="debeComprobarQueElDistpacherPuedeManejarDiezLlamadas" duration-ms="52" started-at="2019-02-08T01:04:40Z" finished-at="2019-02-08T01:04:40Z">
          <reporter-output>
          </reporter-output>
        </test-method> <!-- debeComprobarQueElDistpacherPuedeManejarDiezLlamadas -->
        <test-method status="PASS" signature="debeComprobarQueElDistpacherPuedeManejarDiezLlamadas()[pri:0, instance:LlamadasTest@506e6d5e]" name="debeComprobarQueElDistpacherPuedeManejarDiezLlamadas" duration-ms="51" started-at="2019-02-08T01:04:40Z" finished-at="2019-02-08T01:04:40Z">
          <reporter-output>
          </reporter-output>
        </test-method> <!-- debeComprobarQueElDistpacherPuedeManejarDiezLlamadas -->
        <test-method status="PASS" signature="debeComprobarQueElDistpacherPuedeManejarDiezLlamadas()[pri:0, instance:LlamadasTest@506e6d5e]" name="debeComprobarQueElDistpacherPuedeManejarDiezLlamadas" duration-ms="51" started-at="2019-02-08T01:04:40Z" finished-at="2019-02-08T01:04:40Z">
          <reporter-output>
          </reporter-output>
        </test-method> <!-- debeComprobarQueElDistpacherPuedeManejarDiezLlamadas -->
        <test-method status="PASS" signature="debeComprobarQueElDistpacherPuedeManejarDiezLlamadas()[pri:0, instance:LlamadasTest@506e6d5e]" name="debeComprobarQueElDistpacherPuedeManejarDiezLlamadas" duration-ms="51" started-at="2019-02-08T01:04:40Z" finished-at="2019-02-08T01:04:40Z">
          <reporter-output>
          </reporter-output>
        </test-method> <!-- debeComprobarQueElDistpacherPuedeManejarDiezLlamadas -->
        <test-method status="PASS" signature="debeComprobarQueElDistpacherPuedeManejarDiezLlamadas()[pri:0, instance:LlamadasTest@506e6d5e]" name="debeComprobarQueElDistpacherPuedeManejarDiezLlamadas" duration-ms="51" started-at="2019-02-08T01:04:40Z" finished-at="2019-02-08T01:04:40Z">
          <reporter-output>
          </reporter-output>
        </test-method> <!-- debeComprobarQueElDistpacherPuedeManejarDiezLlamadas -->
        <test-method status="PASS" signature="debeComprobarQueElDistpacherPuedeManejarDiezLlamadas()[pri:0, instance:LlamadasTest@506e6d5e]" name="debeComprobarQueElDistpacherPuedeManejarDiezLlamadas" duration-ms="51" started-at="2019-02-08T01:04:40Z" finished-at="2019-02-08T01:04:40Z">
          <reporter-output>
          </reporter-output>
        </test-method> <!-- debeComprobarQueElDistpacherPuedeManejarDiezLlamadas -->
        <test-method status="PASS" signature="debeComprobarQueElDistpacherPuedeManejarDiezLlamadas()[pri:0, instance:LlamadasTest@506e6d5e]" name="debeComprobarQueElDistpacherPuedeManejarDiezLlamadas" duration-ms="51" started-at="2019-02-08T01:04:40Z" finished-at="2019-02-08T01:04:40Z">
          <reporter-output>
          </reporter-output>
        </test-method> <!-- debeComprobarQueElDistpacherPuedeManejarDiezLlamadas -->
        <test-method status="PASS" signature="tearDown()[pri:0, instance:LlamadasTest@506e6d5e]" name="tearDown" is-config="true" duration-ms="0" started-at="2019-02-08T01:04:40Z" finished-at="2019-02-08T01:04:40Z">
          <reporter-output>
          </reporter-output>
        </test-method> <!-- tearDown -->
      </class> <!-- LlamadasTest -->
    </test> <!-- Surefire test -->
  </suite> <!-- Surefire suite -->
</testng-results>
