<?xml version="1.0" encoding="UTF-8"?>
<testng-results skipped="0" failed="0" ignored="0" total="15" passed="15">
  <reporter-output>
  </reporter-output>
  <suite name="Default suite" duration-ms="11288" started-at="2019-02-10T00:25:46Z" finished-at="2019-02-10T00:25:57Z">
    <groups>
    </groups>
    <test name="Default test" duration-ms="11288" started-at="2019-02-10T00:25:46Z" finished-at="2019-02-10T00:25:57Z">
      <class name="LlamadasTest">
        <test-method status="PASS" signature="setUp()[pri:0, instance:LlamadasTest@39aeed2f]" name="setUp" is-config="true" duration-ms="172" started-at="2019-02-10T00:25:46Z" finished-at="2019-02-10T00:25:46Z">
          <reporter-output>
          </reporter-output>
        </test-method> <!-- setUp -->
        <test-method status="PASS" signature="debeComprobarQueElDistpacherPuedeManejarTodasLasLlamadasEntrantes()[pri:0, instance:LlamadasTest@39aeed2f]" name="debeComprobarQueElDistpacherPuedeManejarTodasLasLlamadasEntrantes" duration-ms="69" started-at="2019-02-10T00:25:46Z" finished-at="2019-02-10T00:25:46Z">
          <reporter-output>
          </reporter-output>
        </test-method> <!-- debeComprobarQueElDistpacherPuedeManejarTodasLasLlamadasEntrantes -->
        <test-method status="PASS" signature="debeComprobarQueElDistpacherPuedeManejarTodasLasLlamadasEntrantes()[pri:0, instance:LlamadasTest@39aeed2f]" name="debeComprobarQueElDistpacherPuedeManejarTodasLasLlamadasEntrantes" duration-ms="69" started-at="2019-02-10T00:25:46Z" finished-at="2019-02-10T00:25:46Z">
          <reporter-output>
          </reporter-output>
        </test-method> <!-- debeComprobarQueElDistpacherPuedeManejarTodasLasLlamadasEntrantes -->
        <test-method status="PASS" signature="debeComprobarQueElDistpacherPuedeManejarTodasLasLlamadasEntrantes()[pri:0, instance:LlamadasTest@39aeed2f]" name="debeComprobarQueElDistpacherPuedeManejarTodasLasLlamadasEntrantes" duration-ms="11084" started-at="2019-02-10T00:25:46Z" finished-at="2019-02-10T00:25:57Z">
          <reporter-output>
          </reporter-output>
        </test-method> <!-- debeComprobarQueElDistpacherPuedeManejarTodasLasLlamadasEntrantes -->
        <test-method status="PASS" signature="debeComprobarQueElDistpacherPuedeManejarTodasLasLlamadasEntrantes()[pri:0, instance:LlamadasTest@39aeed2f]" name="debeComprobarQueElDistpacherPuedeManejarTodasLasLlamadasEntrantes" duration-ms="10084" started-at="2019-02-10T00:25:46Z" finished-at="2019-02-10T00:25:56Z">
          <reporter-output>
          </reporter-output>
        </test-method> <!-- debeComprobarQueElDistpacherPuedeManejarTodasLasLlamadasEntrantes -->
        <test-method status="PASS" signature="debeComprobarQueElDistpacherPuedeManejarTodasLasLlamadasEntrantes()[pri:0, instance:LlamadasTest@39aeed2f]" name="debeComprobarQueElDistpacherPuedeManejarTodasLasLlamadasEntrantes" duration-ms="69" started-at="2019-02-10T00:25:46Z" finished-at="2019-02-10T00:25:46Z">
          <reporter-output>
          </reporter-output>
        </test-method> <!-- debeComprobarQueElDistpacherPuedeManejarTodasLasLlamadasEntrantes -->
        <test-method status="PASS" signature="debeComprobarQueElDistpacherPuedeManejarTodasLasLlamadasEntrantes()[pri:0, instance:LlamadasTest@39aeed2f]" name="debeComprobarQueElDistpacherPuedeManejarTodasLasLlamadasEntrantes" duration-ms="69" started-at="2019-02-10T00:25:46Z" finished-at="2019-02-10T00:25:46Z">
          <reporter-output>
          </reporter-output>
        </test-method> <!-- debeComprobarQueElDistpacherPuedeManejarTodasLasLlamadasEntrantes -->
        <test-method status="PASS" signature="debeComprobarQueElDistpacherPuedeManejarTodasLasLlamadasEntrantes()[pri:0, instance:LlamadasTest@39aeed2f]" name="debeComprobarQueElDistpacherPuedeManejarTodasLasLlamadasEntrantes" duration-ms="4072" started-at="2019-02-10T00:25:46Z" finished-at="2019-02-10T00:25:50Z">
          <reporter-output>
          </reporter-output>
        </test-method> <!-- debeComprobarQueElDistpacherPuedeManejarTodasLasLlamadasEntrantes -->
        <test-method status="PASS" signature="debeComprobarQueElDistpacherPuedeManejarTodasLasLlamadasEntrantes()[pri:0, instance:LlamadasTest@39aeed2f]" name="debeComprobarQueElDistpacherPuedeManejarTodasLasLlamadasEntrantes" duration-ms="9083" started-at="2019-02-10T00:25:46Z" finished-at="2019-02-10T00:25:55Z">
          <reporter-output>
          </reporter-output>
        </test-method> <!-- debeComprobarQueElDistpacherPuedeManejarTodasLasLlamadasEntrantes -->
        <test-method status="PASS" signature="debeComprobarQueElDistpacherPuedeManejarTodasLasLlamadasEntrantes()[pri:0, instance:LlamadasTest@39aeed2f]" name="debeComprobarQueElDistpacherPuedeManejarTodasLasLlamadasEntrantes" duration-ms="10083" started-at="2019-02-10T00:25:46Z" finished-at="2019-02-10T00:25:56Z">
          <reporter-output>
          </reporter-output>
        </test-method> <!-- debeComprobarQueElDistpacherPuedeManejarTodasLasLlamadasEntrantes -->
        <test-method status="PASS" signature="debeComprobarQueElDistpacherPuedeManejarTodasLasLlamadasEntrantes()[pri:0, instance:LlamadasTest@39aeed2f]" name="debeComprobarQueElDistpacherPuedeManejarTodasLasLlamadasEntrantes" duration-ms="9082" started-at="2019-02-10T00:25:46Z" finished-at="2019-02-10T00:25:55Z">
          <reporter-output>
          </reporter-output>
        </test-method> <!-- debeComprobarQueElDistpacherPuedeManejarTodasLasLlamadasEntrantes -->
        <test-method status="PASS" signature="debeComprobarQueElDistpacherPuedeManejarTodasLasLlamadasEntrantes()[pri:0, instance:LlamadasTest@39aeed2f]" name="debeComprobarQueElDistpacherPuedeManejarTodasLasLlamadasEntrantes" duration-ms="68" started-at="2019-02-10T00:25:46Z" finished-at="2019-02-10T00:25:46Z">
          <reporter-output>
          </reporter-output>
        </test-method> <!-- debeComprobarQueElDistpacherPuedeManejarTodasLasLlamadasEntrantes -->
        <test-method status="PASS" signature="debeComprobarQueElDistpacherPuedeManejarTodasLasLlamadasEntrantes()[pri:0, instance:LlamadasTest@39aeed2f]" name="debeComprobarQueElDistpacherPuedeManejarTodasLasLlamadasEntrantes" duration-ms="68" started-at="2019-02-10T00:25:46Z" finished-at="2019-02-10T00:25:46Z">
          <reporter-output>
          </reporter-output>
        </test-method> <!-- debeComprobarQueElDistpacherPuedeManejarTodasLasLlamadasEntrantes -->
        <test-method status="PASS" signature="debeComprobarQueElDistpacherPuedeManejarTodasLasLlamadasEntrantes()[pri:0, instance:LlamadasTest@39aeed2f]" name="debeComprobarQueElDistpacherPuedeManejarTodasLasLlamadasEntrantes" duration-ms="68" started-at="2019-02-10T00:25:46Z" finished-at="2019-02-10T00:25:46Z">
          <reporter-output>
          </reporter-output>
        </test-method> <!-- debeComprobarQueElDistpacherPuedeManejarTodasLasLlamadasEntrantes -->
        <test-method status="PASS" signature="debeComprobarQueElDistpacherPuedeManejarTodasLasLlamadasEntrantes()[pri:0, instance:LlamadasTest@39aeed2f]" name="debeComprobarQueElDistpacherPuedeManejarTodasLasLlamadasEntrantes" duration-ms="6073" started-at="2019-02-10T00:25:46Z" finished-at="2019-02-10T00:25:52Z">
          <reporter-output>
          </reporter-output>
        </test-method> <!-- debeComprobarQueElDistpacherPuedeManejarTodasLasLlamadasEntrantes -->
        <test-method status="PASS" signature="debeComprobarQueElDistpacherPuedeManejarTodasLasLlamadasEntrantes()[pri:0, instance:LlamadasTest@39aeed2f]" name="debeComprobarQueElDistpacherPuedeManejarTodasLasLlamadasEntrantes" duration-ms="9081" started-at="2019-02-10T00:25:46Z" finished-at="2019-02-10T00:25:55Z">
          <reporter-output>
          </reporter-output>
        </test-method> <!-- debeComprobarQueElDistpacherPuedeManejarTodasLasLlamadasEntrantes -->
        <test-method status="PASS" signature="tearDown()[pri:0, instance:LlamadasTest@39aeed2f]" name="tearDown" is-config="true" duration-ms="3" started-at="2019-02-10T00:25:57Z" finished-at="2019-02-10T00:25:57Z">
          <reporter-output>
          </reporter-output>
        </test-method> <!-- tearDown -->
      </class> <!-- LlamadasTest -->
    </test> <!-- Default test -->
  </suite> <!-- Default suite -->
</testng-results>
