<?xml version="1.0" encoding="UTF-8"?>
<testng-results skipped="0" failed="0" ignored="0" total="40" passed="40">
  <reporter-output>
  </reporter-output>
  <suite name="Default suite" duration-ms="16345" started-at="2019-02-10T05:55:00Z" finished-at="2019-02-10T05:55:16Z">
    <groups>
    </groups>
    <test name="Default test" duration-ms="16345" started-at="2019-02-10T05:55:00Z" finished-at="2019-02-10T05:55:16Z">
      <class name="LlamadasTest">
        <test-method status="PASS" signature="setUp()[pri:0, instance:LlamadasTest@5c7fa833]" name="setUp" is-config="true" duration-ms="167" started-at="2019-02-10T05:55:00Z" finished-at="2019-02-10T05:55:00Z">
          <reporter-output>
          </reporter-output>
        </test-method> <!-- setUp -->
        <test-method status="PASS" signature="cleanDistpacher()[pri:0, instance:LlamadasTest@5c7fa833]" name="cleanDistpacher" is-config="true" duration-ms="6" started-at="2019-02-10T05:55:00Z" finished-at="2019-02-10T05:55:00Z">
          <reporter-output>
          </reporter-output>
        </test-method> <!-- cleanDistpacher -->
        <test-method status="PASS" signature="cleanDistpacher()[pri:0, instance:LlamadasTest@5c7fa833]" name="cleanDistpacher" is-config="true" duration-ms="7" started-at="2019-02-10T05:55:00Z" finished-at="2019-02-10T05:55:00Z">
          <reporter-output>
          </reporter-output>
        </test-method> <!-- cleanDistpacher -->
        <test-method status="PASS" signature="cleanDistpacher()[pri:0, instance:LlamadasTest@5c7fa833]" name="cleanDistpacher" is-config="true" duration-ms="6" started-at="2019-02-10T05:55:00Z" finished-at="2019-02-10T05:55:00Z">
          <reporter-output>
          </reporter-output>
        </test-method> <!-- cleanDistpacher -->
        <test-method status="PASS" signature="cleanDistpacher()[pri:0, instance:LlamadasTest@5c7fa833]" name="cleanDistpacher" is-config="true" duration-ms="5" started-at="2019-02-10T05:55:00Z" finished-at="2019-02-10T05:55:00Z">
          <reporter-output>
          </reporter-output>
        </test-method> <!-- cleanDistpacher -->
        <test-method status="PASS" signature="cleanDistpacher()[pri:0, instance:LlamadasTest@5c7fa833]" name="cleanDistpacher" is-config="true" duration-ms="7" started-at="2019-02-10T05:55:00Z" finished-at="2019-02-10T05:55:00Z">
          <reporter-output>
          </reporter-output>
        </test-method> <!-- cleanDistpacher -->
        <test-method status="PASS" signature="cleanDistpacher()[pri:0, instance:LlamadasTest@5c7fa833]" name="cleanDistpacher" is-config="true" duration-ms="6" started-at="2019-02-10T05:55:00Z" finished-at="2019-02-10T05:55:00Z">
          <reporter-output>
          </reporter-output>
        </test-method> <!-- cleanDistpacher -->
        <test-method status="PASS" signature="cleanDistpacher()[pri:0, instance:LlamadasTest@5c7fa833]" name="cleanDistpacher" is-config="true" duration-ms="6" started-at="2019-02-10T05:55:00Z" finished-at="2019-02-10T05:55:00Z">
          <reporter-output>
          </reporter-output>
        </test-method> <!-- cleanDistpacher -->
        <test-method status="PASS" signature="cleanDistpacher()[pri:0, instance:LlamadasTest@5c7fa833]" name="cleanDistpacher" is-config="true" duration-ms="5" started-at="2019-02-10T05:55:00Z" finished-at="2019-02-10T05:55:00Z">
          <reporter-output>
          </reporter-output>
        </test-method> <!-- cleanDistpacher -->
        <test-method status="PASS" signature="cleanDistpacher()[pri:0, instance:LlamadasTest@5c7fa833]" name="cleanDistpacher" is-config="true" duration-ms="4" started-at="2019-02-10T05:55:00Z" finished-at="2019-02-10T05:55:00Z">
          <reporter-output>
          </reporter-output>
        </test-method> <!-- cleanDistpacher -->
        <test-method status="PASS" signature="cleanDistpacher()[pri:0, instance:LlamadasTest@5c7fa833]" name="cleanDistpacher" is-config="true" duration-ms="0" started-at="2019-02-10T05:55:00Z" finished-at="2019-02-10T05:55:00Z">
          <reporter-output>
          </reporter-output>
        </test-method> <!-- cleanDistpacher -->
        <test-method status="PASS" signature="pruebaUnoDebeComprobarQueElDistpacherPuedeManejarDiezLlamadas()[pri:1, instance:LlamadasTest@5c7fa833]" name="pruebaUnoDebeComprobarQueElDistpacherPuedeManejarDiezLlamadas" duration-ms="61" started-at="2019-02-10T05:55:00Z" finished-at="2019-02-10T05:55:00Z">
          <reporter-output>
          </reporter-output>
        </test-method> <!-- pruebaUnoDebeComprobarQueElDistpacherPuedeManejarDiezLlamadas -->
        <test-method status="PASS" signature="pruebaUnoDebeComprobarQueElDistpacherPuedeManejarDiezLlamadas()[pri:1, instance:LlamadasTest@5c7fa833]" name="pruebaUnoDebeComprobarQueElDistpacherPuedeManejarDiezLlamadas" duration-ms="61" started-at="2019-02-10T05:55:00Z" finished-at="2019-02-10T05:55:00Z">
          <reporter-output>
          </reporter-output>
        </test-method> <!-- pruebaUnoDebeComprobarQueElDistpacherPuedeManejarDiezLlamadas -->
        <test-method status="PASS" signature="pruebaUnoDebeComprobarQueElDistpacherPuedeManejarDiezLlamadas()[pri:1, instance:LlamadasTest@5c7fa833]" name="pruebaUnoDebeComprobarQueElDistpacherPuedeManejarDiezLlamadas" duration-ms="60" started-at="2019-02-10T05:55:00Z" finished-at="2019-02-10T05:55:00Z">
          <reporter-output>
          </reporter-output>
        </test-method> <!-- pruebaUnoDebeComprobarQueElDistpacherPuedeManejarDiezLlamadas -->
        <test-method status="PASS" signature="pruebaUnoDebeComprobarQueElDistpacherPuedeManejarDiezLlamadas()[pri:1, instance:LlamadasTest@5c7fa833]" name="pruebaUnoDebeComprobarQueElDistpacherPuedeManejarDiezLlamadas" duration-ms="60" started-at="2019-02-10T05:55:00Z" finished-at="2019-02-10T05:55:00Z">
          <reporter-output>
          </reporter-output>
        </test-method> <!-- pruebaUnoDebeComprobarQueElDistpacherPuedeManejarDiezLlamadas -->
        <test-method status="PASS" signature="pruebaUnoDebeComprobarQueElDistpacherPuedeManejarDiezLlamadas()[pri:1, instance:LlamadasTest@5c7fa833]" name="pruebaUnoDebeComprobarQueElDistpacherPuedeManejarDiezLlamadas" duration-ms="60" started-at="2019-02-10T05:55:00Z" finished-at="2019-02-10T05:55:00Z">
          <reporter-output>
          </reporter-output>
        </test-method> <!-- pruebaUnoDebeComprobarQueElDistpacherPuedeManejarDiezLlamadas -->
        <test-method status="PASS" signature="pruebaUnoDebeComprobarQueElDistpacherPuedeManejarDiezLlamadas()[pri:1, instance:LlamadasTest@5c7fa833]" name="pruebaUnoDebeComprobarQueElDistpacherPuedeManejarDiezLlamadas" duration-ms="60" started-at="2019-02-10T05:55:00Z" finished-at="2019-02-10T05:55:00Z">
          <reporter-output>
          </reporter-output>
        </test-method> <!-- pruebaUnoDebeComprobarQueElDistpacherPuedeManejarDiezLlamadas -->
        <test-method status="PASS" signature="pruebaUnoDebeComprobarQueElDistpacherPuedeManejarDiezLlamadas()[pri:1, instance:LlamadasTest@5c7fa833]" name="pruebaUnoDebeComprobarQueElDistpacherPuedeManejarDiezLlamadas" duration-ms="60" started-at="2019-02-10T05:55:00Z" finished-at="2019-02-10T05:55:00Z">
          <reporter-output>
          </reporter-output>
        </test-method> <!-- pruebaUnoDebeComprobarQueElDistpacherPuedeManejarDiezLlamadas -->
        <test-method status="PASS" signature="pruebaUnoDebeComprobarQueElDistpacherPuedeManejarDiezLlamadas()[pri:1, instance:LlamadasTest@5c7fa833]" name="pruebaUnoDebeComprobarQueElDistpacherPuedeManejarDiezLlamadas" duration-ms="59" started-at="2019-02-10T05:55:00Z" finished-at="2019-02-10T05:55:00Z">
          <reporter-output>
          </reporter-output>
        </test-method> <!-- pruebaUnoDebeComprobarQueElDistpacherPuedeManejarDiezLlamadas -->
        <test-method status="PASS" signature="pruebaUnoDebeComprobarQueElDistpacherPuedeManejarDiezLlamadas()[pri:1, instance:LlamadasTest@5c7fa833]" name="pruebaUnoDebeComprobarQueElDistpacherPuedeManejarDiezLlamadas" duration-ms="58" started-at="2019-02-10T05:55:00Z" finished-at="2019-02-10T05:55:00Z">
          <reporter-output>
          </reporter-output>
        </test-method> <!-- pruebaUnoDebeComprobarQueElDistpacherPuedeManejarDiezLlamadas -->
        <test-method status="PASS" signature="pruebaUnoDebeComprobarQueElDistpacherPuedeManejarDiezLlamadas()[pri:1, instance:LlamadasTest@5c7fa833]" name="pruebaUnoDebeComprobarQueElDistpacherPuedeManejarDiezLlamadas" duration-ms="58" started-at="2019-02-10T05:55:00Z" finished-at="2019-02-10T05:55:00Z">
          <reporter-output>
          </reporter-output>
        </test-method> <!-- pruebaUnoDebeComprobarQueElDistpacherPuedeManejarDiezLlamadas -->
        <test-method status="PASS" signature="cleanDistpacher()[pri:0, instance:LlamadasTest@5c7fa833]" name="cleanDistpacher" is-config="true" duration-ms="0" started-at="2019-02-10T05:55:00Z" finished-at="2019-02-10T05:55:00Z">
          <reporter-output>
          </reporter-output>
        </test-method> <!-- cleanDistpacher -->
        <test-method status="PASS" signature="pruebaDosComprobarQueElDistpacherPuedeManejarMasDeDiezLlamadas()[pri:2, instance:LlamadasTest@5c7fa833]" name="pruebaDosComprobarQueElDistpacherPuedeManejarMasDeDiezLlamadas" duration-ms="3" started-at="2019-02-10T05:55:00Z" finished-at="2019-02-10T05:55:00Z">
          <reporter-output>
          </reporter-output>
        </test-method> <!-- pruebaDosComprobarQueElDistpacherPuedeManejarMasDeDiezLlamadas -->
        <test-method status="PASS" signature="pruebaDosComprobarQueElDistpacherPuedeManejarMasDeDiezLlamadas()[pri:2, instance:LlamadasTest@5c7fa833]" name="pruebaDosComprobarQueElDistpacherPuedeManejarMasDeDiezLlamadas" duration-ms="2" started-at="2019-02-10T05:55:00Z" finished-at="2019-02-10T05:55:00Z">
          <reporter-output>
          </reporter-output>
        </test-method> <!-- pruebaDosComprobarQueElDistpacherPuedeManejarMasDeDiezLlamadas -->
        <test-method status="PASS" signature="cleanDistpacher()[pri:0, instance:LlamadasTest@5c7fa833]" name="cleanDistpacher" is-config="true" duration-ms="0" started-at="2019-02-10T05:55:00Z" finished-at="2019-02-10T05:55:00Z">
          <reporter-output>
          </reporter-output>
        </test-method> <!-- cleanDistpacher -->
        <test-method status="PASS" signature="pruebaDosComprobarQueElDistpacherPuedeManejarMasDeDiezLlamadas()[pri:2, instance:LlamadasTest@5c7fa833]" name="pruebaDosComprobarQueElDistpacherPuedeManejarMasDeDiezLlamadas" duration-ms="1" started-at="2019-02-10T05:55:00Z" finished-at="2019-02-10T05:55:00Z">
          <reporter-output>
          </reporter-output>
        </test-method> <!-- pruebaDosComprobarQueElDistpacherPuedeManejarMasDeDiezLlamadas -->
        <test-method status="PASS" signature="cleanDistpacher()[pri:0, instance:LlamadasTest@5c7fa833]" name="cleanDistpacher" is-config="true" duration-ms="0" started-at="2019-02-10T05:55:00Z" finished-at="2019-02-10T05:55:00Z">
          <reporter-output>
          </reporter-output>
        </test-method> <!-- cleanDistpacher -->
        <test-method status="PASS" signature="cleanDistpacher()[pri:0, instance:LlamadasTest@5c7fa833]" name="cleanDistpacher" is-config="true" duration-ms="4" started-at="2019-02-10T05:55:00Z" finished-at="2019-02-10T05:55:00Z">
          <reporter-output>
          </reporter-output>
        </test-method> <!-- cleanDistpacher -->
        <test-method status="PASS" signature="cleanDistpacher()[pri:0, instance:LlamadasTest@5c7fa833]" name="cleanDistpacher" is-config="true" duration-ms="2" started-at="2019-02-10T05:55:00Z" finished-at="2019-02-10T05:55:00Z">
          <reporter-output>
          </reporter-output>
        </test-method> <!-- cleanDistpacher -->
        <test-method status="PASS" signature="cleanDistpacher()[pri:0, instance:LlamadasTest@5c7fa833]" name="cleanDistpacher" is-config="true" duration-ms="1" started-at="2019-02-10T05:55:00Z" finished-at="2019-02-10T05:55:00Z">
          <reporter-output>
          </reporter-output>
        </test-method> <!-- cleanDistpacher -->
        <test-method status="PASS" signature="cleanDistpacher()[pri:0, instance:LlamadasTest@5c7fa833]" name="cleanDistpacher" is-config="true" duration-ms="1" started-at="2019-02-10T05:55:00Z" finished-at="2019-02-10T05:55:00Z">
          <reporter-output>
          </reporter-output>
        </test-method> <!-- cleanDistpacher -->
        <test-method status="PASS" signature="pruebaDosComprobarQueElDistpacherPuedeManejarMasDeDiezLlamadas()[pri:2, instance:LlamadasTest@5c7fa833]" name="pruebaDosComprobarQueElDistpacherPuedeManejarMasDeDiezLlamadas" duration-ms="2" started-at="2019-02-10T05:55:00Z" finished-at="2019-02-10T05:55:00Z">
          <reporter-output>
          </reporter-output>
        </test-method> <!-- pruebaDosComprobarQueElDistpacherPuedeManejarMasDeDiezLlamadas -->
        <test-method status="PASS" signature="pruebaDosComprobarQueElDistpacherPuedeManejarMasDeDiezLlamadas()[pri:2, instance:LlamadasTest@5c7fa833]" name="pruebaDosComprobarQueElDistpacherPuedeManejarMasDeDiezLlamadas" duration-ms="25" started-at="2019-02-10T05:55:00Z" finished-at="2019-02-10T05:55:00Z">
          <reporter-output>
          </reporter-output>
        </test-method> <!-- pruebaDosComprobarQueElDistpacherPuedeManejarMasDeDiezLlamadas -->
        <test-method status="PASS" signature="pruebaDosComprobarQueElDistpacherPuedeManejarMasDeDiezLlamadas()[pri:2, instance:LlamadasTest@5c7fa833]" name="pruebaDosComprobarQueElDistpacherPuedeManejarMasDeDiezLlamadas" duration-ms="2" started-at="2019-02-10T05:55:00Z" finished-at="2019-02-10T05:55:00Z">
          <reporter-output>
          </reporter-output>
        </test-method> <!-- pruebaDosComprobarQueElDistpacherPuedeManejarMasDeDiezLlamadas -->
        <test-method status="PASS" signature="pruebaDosComprobarQueElDistpacherPuedeManejarMasDeDiezLlamadas()[pri:2, instance:LlamadasTest@5c7fa833]" name="pruebaDosComprobarQueElDistpacherPuedeManejarMasDeDiezLlamadas" duration-ms="7043" started-at="2019-02-10T05:55:00Z" finished-at="2019-02-10T05:55:07Z">
          <reporter-output>
          </reporter-output>
        </test-method> <!-- pruebaDosComprobarQueElDistpacherPuedeManejarMasDeDiezLlamadas -->
        <test-method status="PASS" signature="pruebaDosComprobarQueElDistpacherPuedeManejarMasDeDiezLlamadas()[pri:2, instance:LlamadasTest@5c7fa833]" name="pruebaDosComprobarQueElDistpacherPuedeManejarMasDeDiezLlamadas" duration-ms="25" started-at="2019-02-10T05:55:00Z" finished-at="2019-02-10T05:55:00Z">
          <reporter-output>
          </reporter-output>
        </test-method> <!-- pruebaDosComprobarQueElDistpacherPuedeManejarMasDeDiezLlamadas -->
        <test-method status="PASS" signature="cleanDistpacher()[pri:0, instance:LlamadasTest@5c7fa833]" name="cleanDistpacher" is-config="true" duration-ms="0" started-at="2019-02-10T05:55:00Z" finished-at="2019-02-10T05:55:00Z">
          <reporter-output>
          </reporter-output>
        </test-method> <!-- cleanDistpacher -->
        <test-method status="PASS" signature="cleanDistpacher()[pri:0, instance:LlamadasTest@5c7fa833]" name="cleanDistpacher" is-config="true" duration-ms="1" started-at="2019-02-10T05:55:00Z" finished-at="2019-02-10T05:55:00Z">
          <reporter-output>
          </reporter-output>
        </test-method> <!-- cleanDistpacher -->
        <test-method status="PASS" signature="cleanDistpacher()[pri:0, instance:LlamadasTest@5c7fa833]" name="cleanDistpacher" is-config="true" duration-ms="2" started-at="2019-02-10T05:55:00Z" finished-at="2019-02-10T05:55:00Z">
          <reporter-output>
          </reporter-output>
        </test-method> <!-- cleanDistpacher -->
        <test-method status="PASS" signature="pruebaDosComprobarQueElDistpacherPuedeManejarMasDeDiezLlamadas()[pri:2, instance:LlamadasTest@5c7fa833]" name="pruebaDosComprobarQueElDistpacherPuedeManejarMasDeDiezLlamadas" duration-ms="8042" started-at="2019-02-10T05:55:00Z" finished-at="2019-02-10T05:55:08Z">
          <reporter-output>
          </reporter-output>
        </test-method> <!-- pruebaDosComprobarQueElDistpacherPuedeManejarMasDeDiezLlamadas -->
        <test-method status="PASS" signature="pruebaDosComprobarQueElDistpacherPuedeManejarMasDeDiezLlamadas()[pri:2, instance:LlamadasTest@5c7fa833]" name="pruebaDosComprobarQueElDistpacherPuedeManejarMasDeDiezLlamadas" duration-ms="21" started-at="2019-02-10T05:55:00Z" finished-at="2019-02-10T05:55:00Z">
          <reporter-output>
          </reporter-output>
        </test-method> <!-- pruebaDosComprobarQueElDistpacherPuedeManejarMasDeDiezLlamadas -->
        <test-method status="PASS" signature="pruebaDosComprobarQueElDistpacherPuedeManejarMasDeDiezLlamadas()[pri:2, instance:LlamadasTest@5c7fa833]" name="pruebaDosComprobarQueElDistpacherPuedeManejarMasDeDiezLlamadas" duration-ms="8041" started-at="2019-02-10T05:55:00Z" finished-at="2019-02-10T05:55:08Z">
          <reporter-output>
          </reporter-output>
        </test-method> <!-- pruebaDosComprobarQueElDistpacherPuedeManejarMasDeDiezLlamadas -->
        <test-method status="PASS" signature="cleanDistpacher()[pri:0, instance:LlamadasTest@5c7fa833]" name="cleanDistpacher" is-config="true" duration-ms="0" started-at="2019-02-10T05:55:00Z" finished-at="2019-02-10T05:55:00Z">
          <reporter-output>
          </reporter-output>
        </test-method> <!-- cleanDistpacher -->
        <test-method status="PASS" signature="pruebaDosComprobarQueElDistpacherPuedeManejarMasDeDiezLlamadas()[pri:2, instance:LlamadasTest@5c7fa833]" name="pruebaDosComprobarQueElDistpacherPuedeManejarMasDeDiezLlamadas" duration-ms="9034" started-at="2019-02-10T05:55:00Z" finished-at="2019-02-10T05:55:09Z">
          <reporter-output>
          </reporter-output>
        </test-method> <!-- pruebaDosComprobarQueElDistpacherPuedeManejarMasDeDiezLlamadas -->
        <test-method status="PASS" signature="cleanDistpacher()[pri:0, instance:LlamadasTest@5c7fa833]" name="cleanDistpacher" is-config="true" duration-ms="0" started-at="2019-02-10T05:55:00Z" finished-at="2019-02-10T05:55:00Z">
          <reporter-output>
          </reporter-output>
        </test-method> <!-- cleanDistpacher -->
        <test-method status="PASS" signature="cleanDistpacher()[pri:0, instance:LlamadasTest@5c7fa833]" name="cleanDistpacher" is-config="true" duration-ms="0" started-at="2019-02-10T05:55:00Z" finished-at="2019-02-10T05:55:00Z">
          <reporter-output>
          </reporter-output>
        </test-method> <!-- cleanDistpacher -->
        <test-method status="PASS" signature="pruebaDosComprobarQueElDistpacherPuedeManejarMasDeDiezLlamadas()[pri:2, instance:LlamadasTest@5c7fa833]" name="pruebaDosComprobarQueElDistpacherPuedeManejarMasDeDiezLlamadas" duration-ms="10036" started-at="2019-02-10T05:55:00Z" finished-at="2019-02-10T05:55:10Z">
          <reporter-output>
          </reporter-output>
        </test-method> <!-- pruebaDosComprobarQueElDistpacherPuedeManejarMasDeDiezLlamadas -->
        <test-method status="PASS" signature="pruebaDosComprobarQueElDistpacherPuedeManejarMasDeDiezLlamadas()[pri:2, instance:LlamadasTest@5c7fa833]" name="pruebaDosComprobarQueElDistpacherPuedeManejarMasDeDiezLlamadas" duration-ms="8033" started-at="2019-02-10T05:55:00Z" finished-at="2019-02-10T05:55:08Z">
          <reporter-output>
          </reporter-output>
        </test-method> <!-- pruebaDosComprobarQueElDistpacherPuedeManejarMasDeDiezLlamadas -->
        <test-method status="PASS" signature="cleanDistpacher()[pri:0, instance:LlamadasTest@5c7fa833]" name="cleanDistpacher" is-config="true" duration-ms="0" started-at="2019-02-10T05:55:00Z" finished-at="2019-02-10T05:55:00Z">
          <reporter-output>
          </reporter-output>
        </test-method> <!-- cleanDistpacher -->
        <test-method status="PASS" signature="cleanDistpacher()[pri:0, instance:LlamadasTest@5c7fa833]" name="cleanDistpacher" is-config="true" duration-ms="0" started-at="2019-02-10T05:55:00Z" finished-at="2019-02-10T05:55:00Z">
          <reporter-output>
          </reporter-output>
        </test-method> <!-- cleanDistpacher -->
        <test-method status="PASS" signature="pruebaDosComprobarQueElDistpacherPuedeManejarMasDeDiezLlamadas()[pri:2, instance:LlamadasTest@5c7fa833]" name="pruebaDosComprobarQueElDistpacherPuedeManejarMasDeDiezLlamadas" duration-ms="11037" started-at="2019-02-10T05:55:00Z" finished-at="2019-02-10T05:55:11Z">
          <reporter-output>
          </reporter-output>
        </test-method> <!-- pruebaDosComprobarQueElDistpacherPuedeManejarMasDeDiezLlamadas -->
        <test-method status="PASS" signature="pruebaDosComprobarQueElDistpacherPuedeManejarMasDeDiezLlamadas()[pri:2, instance:LlamadasTest@5c7fa833]" name="pruebaDosComprobarQueElDistpacherPuedeManejarMasDeDiezLlamadas" duration-ms="11037" started-at="2019-02-10T05:55:00Z" finished-at="2019-02-10T05:55:11Z">
          <reporter-output>
          </reporter-output>
        </test-method> <!-- pruebaDosComprobarQueElDistpacherPuedeManejarMasDeDiezLlamadas -->
        <test-method status="PASS" signature="pruebaDosComprobarQueElDistpacherPuedeManejarMasDeDiezLlamadas()[pri:2, instance:LlamadasTest@5c7fa833]" name="pruebaDosComprobarQueElDistpacherPuedeManejarMasDeDiezLlamadas" duration-ms="10036" started-at="2019-02-10T05:55:00Z" finished-at="2019-02-10T05:55:10Z">
          <reporter-output>
          </reporter-output>
        </test-method> <!-- pruebaDosComprobarQueElDistpacherPuedeManejarMasDeDiezLlamadas -->
        <test-method status="PASS" signature="cleanDistpacher()[pri:0, instance:LlamadasTest@5c7fa833]" name="cleanDistpacher" is-config="true" duration-ms="0" started-at="2019-02-10T05:55:00Z" finished-at="2019-02-10T05:55:00Z">
          <reporter-output>
          </reporter-output>
        </test-method> <!-- cleanDistpacher -->
        <test-method status="PASS" signature="cleanDistpacher()[pri:0, instance:LlamadasTest@5c7fa833]" name="cleanDistpacher" is-config="true" duration-ms="0" started-at="2019-02-10T05:55:00Z" finished-at="2019-02-10T05:55:00Z">
          <reporter-output>
          </reporter-output>
        </test-method> <!-- cleanDistpacher -->
        <test-method status="PASS" signature="cleanDistpacher()[pri:0, instance:LlamadasTest@5c7fa833]" name="cleanDistpacher" is-config="true" duration-ms="0" started-at="2019-02-10T05:55:00Z" finished-at="2019-02-10T05:55:00Z">
          <reporter-output>
          </reporter-output>
        </test-method> <!-- cleanDistpacher -->
        <test-method status="PASS" signature="cleanDistpacher()[pri:0, instance:LlamadasTest@5c7fa833]" name="cleanDistpacher" is-config="true" duration-ms="1" started-at="2019-02-10T05:55:00Z" finished-at="2019-02-10T05:55:00Z">
          <reporter-output>
          </reporter-output>
        </test-method> <!-- cleanDistpacher -->
        <test-method status="PASS" signature="pruebaDosComprobarQueElDistpacherPuedeManejarMasDeDiezLlamadas()[pri:2, instance:LlamadasTest@5c7fa833]" name="pruebaDosComprobarQueElDistpacherPuedeManejarMasDeDiezLlamadas" duration-ms="14038" started-at="2019-02-10T05:55:00Z" finished-at="2019-02-10T05:55:14Z">
          <reporter-output>
          </reporter-output>
        </test-method> <!-- pruebaDosComprobarQueElDistpacherPuedeManejarMasDeDiezLlamadas -->
        <test-method status="PASS" signature="pruebaDosComprobarQueElDistpacherPuedeManejarMasDeDiezLlamadas()[pri:2, instance:LlamadasTest@5c7fa833]" name="pruebaDosComprobarQueElDistpacherPuedeManejarMasDeDiezLlamadas" duration-ms="14038" started-at="2019-02-10T05:55:00Z" finished-at="2019-02-10T05:55:14Z">
          <reporter-output>
          </reporter-output>
        </test-method> <!-- pruebaDosComprobarQueElDistpacherPuedeManejarMasDeDiezLlamadas -->
        <test-method status="PASS" signature="cleanDistpacher()[pri:0, instance:LlamadasTest@5c7fa833]" name="cleanDistpacher" is-config="true" duration-ms="0" started-at="2019-02-10T05:55:00Z" finished-at="2019-02-10T05:55:00Z">
          <reporter-output>
          </reporter-output>
        </test-method> <!-- cleanDistpacher -->
        <test-method status="PASS" signature="pruebaDosComprobarQueElDistpacherPuedeManejarMasDeDiezLlamadas()[pri:2, instance:LlamadasTest@5c7fa833]" name="pruebaDosComprobarQueElDistpacherPuedeManejarMasDeDiezLlamadas" duration-ms="16039" started-at="2019-02-10T05:55:00Z" finished-at="2019-02-10T05:55:16Z">
          <reporter-output>
          </reporter-output>
        </test-method> <!-- pruebaDosComprobarQueElDistpacherPuedeManejarMasDeDiezLlamadas -->
        <test-method status="PASS" signature="cleanDistpacher()[pri:0, instance:LlamadasTest@5c7fa833]" name="cleanDistpacher" is-config="true" duration-ms="0" started-at="2019-02-10T05:55:00Z" finished-at="2019-02-10T05:55:00Z">
          <reporter-output>
          </reporter-output>
        </test-method> <!-- cleanDistpacher -->
        <test-method status="PASS" signature="pruebaDosComprobarQueElDistpacherPuedeManejarMasDeDiezLlamadas()[pri:2, instance:LlamadasTest@5c7fa833]" name="pruebaDosComprobarQueElDistpacherPuedeManejarMasDeDiezLlamadas" duration-ms="11037" started-at="2019-02-10T05:55:00Z" finished-at="2019-02-10T05:55:11Z">
          <reporter-output>
          </reporter-output>
        </test-method> <!-- pruebaDosComprobarQueElDistpacherPuedeManejarMasDeDiezLlamadas -->
        <test-method status="PASS" signature="cleanDistpacher()[pri:0, instance:LlamadasTest@5c7fa833]" name="cleanDistpacher" is-config="true" duration-ms="0" started-at="2019-02-10T05:55:00Z" finished-at="2019-02-10T05:55:00Z">
          <reporter-output>
          </reporter-output>
        </test-method> <!-- cleanDistpacher -->
        <test-method status="PASS" signature="pruebaDosComprobarQueElDistpacherPuedeManejarMasDeDiezLlamadas()[pri:2, instance:LlamadasTest@5c7fa833]" name="pruebaDosComprobarQueElDistpacherPuedeManejarMasDeDiezLlamadas" duration-ms="22" started-at="2019-02-10T05:55:00Z" finished-at="2019-02-10T05:55:00Z">
          <reporter-output>
          </reporter-output>
        </test-method> <!-- pruebaDosComprobarQueElDistpacherPuedeManejarMasDeDiezLlamadas -->
        <test-method status="PASS" signature="cleanDistpacher()[pri:0, instance:LlamadasTest@5c7fa833]" name="cleanDistpacher" is-config="true" duration-ms="0" started-at="2019-02-10T05:55:00Z" finished-at="2019-02-10T05:55:00Z">
          <reporter-output>
          </reporter-output>
        </test-method> <!-- cleanDistpacher -->
        <test-method status="PASS" signature="pruebaDosComprobarQueElDistpacherPuedeManejarMasDeDiezLlamadas()[pri:2, instance:LlamadasTest@5c7fa833]" name="pruebaDosComprobarQueElDistpacherPuedeManejarMasDeDiezLlamadas" duration-ms="23" started-at="2019-02-10T05:55:00Z" finished-at="2019-02-10T05:55:00Z">
          <reporter-output>
          </reporter-output>
        </test-method> <!-- pruebaDosComprobarQueElDistpacherPuedeManejarMasDeDiezLlamadas -->
        <test-method status="PASS" signature="cleanDistpacher()[pri:0, instance:LlamadasTest@5c7fa833]" name="cleanDistpacher" is-config="true" duration-ms="0" started-at="2019-02-10T05:55:00Z" finished-at="2019-02-10T05:55:00Z">
          <reporter-output>
          </reporter-output>
        </test-method> <!-- cleanDistpacher -->
        <test-method status="PASS" signature="pruebaDosComprobarQueElDistpacherPuedeManejarMasDeDiezLlamadas()[pri:2, instance:LlamadasTest@5c7fa833]" name="pruebaDosComprobarQueElDistpacherPuedeManejarMasDeDiezLlamadas" duration-ms="16038" started-at="2019-02-10T05:55:00Z" finished-at="2019-02-10T05:55:16Z">
          <reporter-output>
          </reporter-output>
        </test-method> <!-- pruebaDosComprobarQueElDistpacherPuedeManejarMasDeDiezLlamadas -->
        <test-method status="PASS" signature="cleanDistpacher()[pri:0, instance:LlamadasTest@5c7fa833]" name="cleanDistpacher" is-config="true" duration-ms="0" started-at="2019-02-10T05:55:00Z" finished-at="2019-02-10T05:55:00Z">
          <reporter-output>
          </reporter-output>
        </test-method> <!-- cleanDistpacher -->
        <test-method status="PASS" signature="pruebaDosComprobarQueElDistpacherPuedeManejarMasDeDiezLlamadas()[pri:2, instance:LlamadasTest@5c7fa833]" name="pruebaDosComprobarQueElDistpacherPuedeManejarMasDeDiezLlamadas" duration-ms="4027" started-at="2019-02-10T05:55:00Z" finished-at="2019-02-10T05:55:04Z">
          <reporter-output>
          </reporter-output>
        </test-method> <!-- pruebaDosComprobarQueElDistpacherPuedeManejarMasDeDiezLlamadas -->
        <test-method status="PASS" signature="cleanDistpacher()[pri:0, instance:LlamadasTest@5c7fa833]" name="cleanDistpacher" is-config="true" duration-ms="1" started-at="2019-02-10T05:55:00Z" finished-at="2019-02-10T05:55:00Z">
          <reporter-output>
          </reporter-output>
        </test-method> <!-- cleanDistpacher -->
        <test-method status="PASS" signature="pruebaDosComprobarQueElDistpacherPuedeManejarMasDeDiezLlamadas()[pri:2, instance:LlamadasTest@5c7fa833]" name="pruebaDosComprobarQueElDistpacherPuedeManejarMasDeDiezLlamadas" duration-ms="20" started-at="2019-02-10T05:55:00Z" finished-at="2019-02-10T05:55:00Z">
          <reporter-output>
          </reporter-output>
        </test-method> <!-- pruebaDosComprobarQueElDistpacherPuedeManejarMasDeDiezLlamadas -->
        <test-method status="PASS" signature="cleanDistpacher()[pri:0, instance:LlamadasTest@5c7fa833]" name="cleanDistpacher" is-config="true" duration-ms="0" started-at="2019-02-10T05:55:00Z" finished-at="2019-02-10T05:55:00Z">
          <reporter-output>
          </reporter-output>
        </test-method> <!-- cleanDistpacher -->
        <test-method status="PASS" signature="pruebaDosComprobarQueElDistpacherPuedeManejarMasDeDiezLlamadas()[pri:2, instance:LlamadasTest@5c7fa833]" name="pruebaDosComprobarQueElDistpacherPuedeManejarMasDeDiezLlamadas" duration-ms="20" started-at="2019-02-10T05:55:00Z" finished-at="2019-02-10T05:55:00Z">
          <reporter-output>
          </reporter-output>
        </test-method> <!-- pruebaDosComprobarQueElDistpacherPuedeManejarMasDeDiezLlamadas -->
        <test-method status="PASS" signature="cleanDistpacher()[pri:0, instance:LlamadasTest@5c7fa833]" name="cleanDistpacher" is-config="true" duration-ms="0" started-at="2019-02-10T05:55:00Z" finished-at="2019-02-10T05:55:00Z">
          <reporter-output>
          </reporter-output>
        </test-method> <!-- cleanDistpacher -->
        <test-method status="PASS" signature="pruebaDosComprobarQueElDistpacherPuedeManejarMasDeDiezLlamadas()[pri:2, instance:LlamadasTest@5c7fa833]" name="pruebaDosComprobarQueElDistpacherPuedeManejarMasDeDiezLlamadas" duration-ms="13" started-at="2019-02-10T05:55:00Z" finished-at="2019-02-10T05:55:00Z">
          <reporter-output>
          </reporter-output>
        </test-method> <!-- pruebaDosComprobarQueElDistpacherPuedeManejarMasDeDiezLlamadas -->
        <test-method status="PASS" signature="pruebaDosComprobarQueElDistpacherPuedeManejarMasDeDiezLlamadas()[pri:2, instance:LlamadasTest@5c7fa833]" name="pruebaDosComprobarQueElDistpacherPuedeManejarMasDeDiezLlamadas" duration-ms="9" started-at="2019-02-10T05:55:00Z" finished-at="2019-02-10T05:55:00Z">
          <reporter-output>
          </reporter-output>
        </test-method> <!-- pruebaDosComprobarQueElDistpacherPuedeManejarMasDeDiezLlamadas -->
        <test-method status="PASS" signature="cleanDistpacher()[pri:0, instance:LlamadasTest@5c7fa833]" name="cleanDistpacher" is-config="true" duration-ms="0" started-at="2019-02-10T05:55:00Z" finished-at="2019-02-10T05:55:00Z">
          <reporter-output>
          </reporter-output>
        </test-method> <!-- cleanDistpacher -->
        <test-method status="PASS" signature="pruebaDosComprobarQueElDistpacherPuedeManejarMasDeDiezLlamadas()[pri:2, instance:LlamadasTest@5c7fa833]" name="pruebaDosComprobarQueElDistpacherPuedeManejarMasDeDiezLlamadas" duration-ms="5" started-at="2019-02-10T05:55:00Z" finished-at="2019-02-10T05:55:00Z">
          <reporter-output>
          </reporter-output>
        </test-method> <!-- pruebaDosComprobarQueElDistpacherPuedeManejarMasDeDiezLlamadas -->
        <test-method status="PASS" signature="cleanDistpacher()[pri:0, instance:LlamadasTest@5c7fa833]" name="cleanDistpacher" is-config="true" duration-ms="0" started-at="2019-02-10T05:55:00Z" finished-at="2019-02-10T05:55:00Z">
          <reporter-output>
          </reporter-output>
        </test-method> <!-- cleanDistpacher -->
        <test-method status="PASS" signature="tearDown()[pri:0, instance:LlamadasTest@5c7fa833]" name="tearDown" is-config="true" duration-ms="0" started-at="2019-02-10T05:55:16Z" finished-at="2019-02-10T05:55:16Z">
          <reporter-output>
          </reporter-output>
        </test-method> <!-- tearDown -->
      </class> <!-- LlamadasTest -->
    </test> <!-- Default test -->
  </suite> <!-- Default suite -->
</testng-results>
